<?xml version="1.0" encoding="utf-8"?><testsuites name="pytest tests"><testsuite name="pytest" errors="0" failures="0" skipped="0" tests="19" time="1.673" timestamp="2026-07-08T09:47:54.485377+00:00" hostname="agent-env-2807c70a-ea3c-4db2-a04f-23ee4d5d44b5"><testcase classname="backend.tests.backend_test.TestSettings" name="test_get_settings_default_singleton" time="0.280" /><testcase classname="backend.tests.backend_test.TestSettings" name="test_put_settings_persists" time="0.098" /><testcase classname="backend.tests.backend_test.TestClients" name="test_list_clients_includes_created" time="0.097" /><testcase classname="backend.tests.backend_test.TestClients" name="test_get_client_with_history" time="0.047" /><testcase classname="backend.tests.backend_test.TestClients" name="test_update_client" time="0.046" /><testcase classname="backend.tests.backend_test.TestClients" name="test_get_invalid_client_returns_404" time="0.048" /><testcase classname="backend.tests.backend_test.TestInvoices" name="test_create_invoice_auto_number_and_totals" time="0.097" /><testcase classname="backend.tests.backend_test.TestInvoices" name="test_next_invoice_number_incremented" time="0.044" /><testcase classname="backend.tests.backend_test.TestInvoices" name="test_duplicate_custom_number_rejected" time="0.043" /><testcase classname="backend.tests.backend_test.TestInvoices" name="test_overdue_dynamic_status" time="0.095" /><testcase classname="backend.tests.backend_test.TestInvoices" name="test_list_invoices_with_filters" time="0.094" /><testcase classname="backend.tests.backend_test.TestInvoices" name="test_change_status_to_pagada" time="0.051" /><testcase classname="backend.tests.backend_test.TestInvoices" name="test_change_status_invalid" time="0.048" /><testcase classname="backend.tests.backend_test.TestInvoices" name="test_pdf_endpoint" time="0.056" /><testcase classname="backend.tests.backend_test.TestInvoices" name="test_delete_invoice" time="0.097" /><testcase classname="backend.tests.backend_test.TestReports" name="test_summary" time="0.057" /><testcase classname="backend.tests.backend_test.TestReports" name="test_monthly" time="0.049" /><testcase classname="backend.tests.backend_test.TestReports" name="test_top_clients" time="0.049" /><testcase classname="backend.tests.backend_test.TestReports" name="test_export_csv" time="0.088" /></testsuite></testsuites>